-------------------------------------------------------------------------------
Test set: CS2020.assignment1.game.GameTests
-------------------------------------------------------------------------------
Tests run: 7, Failures: 1, Errors: 0, Skipped: 0, Time elapsed: 0.076 s <<< FAILURE! - in CS2020.assignment1.game.GameTests
t2_3(CS2020.assignment1.game.GameTests)  Time elapsed: 0.03 s  <<< FAILURE!
java.lang.AssertionError: [47m[30mT2.3: Something is wrong with your method of placing ships on the grid.   [0mjava.lang.NullPointerException: Cannot load from object array because "gameGrid3.ships[0].shipCoordinates" is null
	at CS2020.assignment1.game.GameTests.t2_3(GameTests.java:269)

