<?xml version="1.0" encoding="UTF-8"?>
<testsuite xmlns:xsi="http://www.w3.org/2001/XMLSchema-instance" xsi:noNamespaceSchemaLocation="https://maven.apache.org/surefire/maven-surefire-plugin/xsd/surefire-test-report.xsd" name="CS2020.assignment1.game.GameTests" time="0.076" tests="7" errors="0" skipped="0" failures="1">
  <properties>
[...]
</properties>
  <testcase name="t1_1_a" classname="CS2020.assignment1.game.GameTests" time="0.003"/>
  <testcase name="t1_1_b" classname="CS2020.assignment1.game.GameTests" time="0"/>
  <testcase name="t1_2" classname="CS2020.assignment1.game.GameTests" time="0"/>
  <testcase name="t1_3" classname="CS2020.assignment1.game.GameTests" time="0"/>
  <testcase name="t2_1" classname="CS2020.assignment1.game.GameTests" time="0"/>
  <testcase name="t2_2" classname="CS2020.assignment1.game.GameTests" time="0"/>
  <testcase name="t2_3" classname="CS2020.assignment1.game.GameTests" time="0.03">
    <failure message="&amp;#27;[47m&amp;#27;[30mT2.3: Something is wrong with your method of placing ships on the grid.   &amp;#27;[0mjava.lang.NullPointerException: Cannot load from object array because &quot;gameGrid3.ships[0].shipCoordinates&quot; is null" type="java.lang.AssertionError"><![CDATA[java.lang.AssertionError: &amp#27;[47m&amp#27;[30mT2.3: Something is wrong with your method of placing ships on the grid.   &amp#27;[0mjava.lang.NullPointerException: Cannot load from object array because "gameGrid3.ships[0].shipCoordinates" is null
	at CS2020.assignment1.game.GameTests.t2_3(GameTests.java:269)
]]></failure>
  </testcase>
</testsuite>