<?xml version="1.0" encoding="UTF-8"?>
<testsuite xmlns:xsi="http://www.w3.org/2001/XMLSchema-instance" xsi:noNamespaceSchemaLocation="https://maven.apache.org/surefire/maven-surefire-plugin/xsd/surefire-test-report.xsd" name="CS2020.assignment1.game.GameTests" time="0.042" tests="4" errors="0" skipped="0" failures="0">
  <properties>
[...]
</properties>
  <testcase name="t1_1_a" classname="CS2020.assignment1.game.GameTests" time="0.007"/>
  <testcase name="t1_1_b" classname="CS2020.assignment1.game.GameTests" time="0"/>
  <testcase name="t1_2" classname="CS2020.assignment1.game.GameTests" time="0"/>
  <testcase name="t1_3" classname="CS2020.assignment1.game.GameTests" time="0"/>
</testsuite>